<?xml version="1.0" encoding="UTF-8"?>
<testsuite name="PasswordTest" tests="1" skipped="0" failures="0" errors="0" timestamp="2020-03-12T08:25:52" hostname="admin1-ThinkCentre-M72e" time="0.078">
  <properties/>
  <testcase name="passTest" classname="PasswordTest" time="0.078"/>
  <system-out><![CDATA[valid
valid
]]></system-out>
  <system-err><![CDATA[Mar 12, 2020 10:25:52 AM PasswordValidator passwordIsOk
INFO: Password is Ok
]]></system-err>
</testsuite>
